<?xml version="1.0" encoding="UTF-8"?>
<testsuite name="pl.polsl.student.javadockerapibroker.JavaDockerApiBrokerApplicationTests" tests="1" skipped="0" failures="0" errors="0" timestamp="2020-12-19T20:25:44" hostname="DESKTOP-QT7135K" time="0.598">
  <properties/>
  <testcase name="contextLoads()" classname="pl.polsl.student.javadockerapibroker.JavaDockerApiBrokerApplicationTests" time="0.598"/>
  <system-out><![CDATA[21:25:31.373 [Test worker] DEBUG org.springframework.test.context.BootstrapUtils - Instantiating CacheAwareContextLoaderDelegate from class [org.springframework.test.context.cache.DefaultCacheAwareContextLoaderDelegate]
21:25:31.398 [Test worker] DEBUG org.springframework.test.context.BootstrapUtils - Instantiating BootstrapContext using constructor [public org.springframework.test.context.support.DefaultBootstrapContext(java.lang.Class,org.springframework.test.context.CacheAwareContextLoaderDelegate)]
21:25:31.455 [Test worker] DEBUG org.springframework.test.context.BootstrapUtils - Instantiating TestContextBootstrapper for test class [pl.polsl.student.javadockerapibroker.JavaDockerApiBrokerApplicationTests] from class [org.springframework.boot.test.context.SpringBootTestContextBootstrapper]
21:25:31.475 [Test worker] INFO org.springframework.boot.test.context.SpringBootTestContextBootstrapper - Neither @ContextConfiguration nor @ContextHierarchy found for test class [pl.polsl.student.javadockerapibroker.JavaDockerApiBrokerApplicationTests], using SpringBootContextLoader
21:25:31.480 [Test worker] DEBUG org.springframework.test.context.support.AbstractContextLoader - Did not detect default resource location for test class [pl.polsl.student.javadockerapibroker.JavaDockerApiBrokerApplicationTests]: class path resource [pl/polsl/student/javadockerapibroker/JavaDockerApiBrokerApplicationTests-context.xml] does not exist
21:25:31.481 [Test worker] DEBUG org.springframework.test.context.support.AbstractContextLoader - Did not detect default resource location for test class [pl.polsl.student.javadockerapibroker.JavaDockerApiBrokerApplicationTests]: class path resource [pl/polsl/student/javadockerapibroker/JavaDockerApiBrokerApplicationTestsContext.groovy] does not exist
21:25:31.482 [Test worker] INFO org.springframework.test.context.support.AbstractContextLoader - Could not detect default resource locations for test class [pl.polsl.student.javadockerapibroker.JavaDockerApiBrokerApplicationTests]: no resource found for suffixes {-context.xml, Context.groovy}.
21:25:31.484 [Test worker] INFO org.springframework.test.context.support.AnnotationConfigContextLoaderUtils - Could not detect default configuration classes for test class [pl.polsl.student.javadockerapibroker.JavaDockerApiBrokerApplicationTests]: JavaDockerApiBrokerApplicationTests does not declare any static, non-private, non-final, nested classes annotated with @Configuration.
21:25:31.557 [Test worker] DEBUG org.springframework.test.context.support.ActiveProfilesUtils - Could not find an 'annotation declaring class' for annotation type [org.springframework.test.context.ActiveProfiles] and class [pl.polsl.student.javadockerapibroker.JavaDockerApiBrokerApplicationTests]
21:25:31.779 [Test worker] DEBUG org.springframework.context.annotation.ClassPathScanningCandidateComponentProvider - Identified candidate component class: file [C:\repo\praca dyplomowa\backend-full\microservices\management\java-docker-api-broker\build\classes\java\main\pl\polsl\student\javadockerapibroker\JavaDockerApiBrokerApplication.class]
21:25:31.783 [Test worker] INFO org.springframework.boot.test.context.SpringBootTestContextBootstrapper - Found @SpringBootConfiguration pl.polsl.student.javadockerapibroker.JavaDockerApiBrokerApplication for test class pl.polsl.student.javadockerapibroker.JavaDockerApiBrokerApplicationTests
21:25:32.191 [Test worker] DEBUG org.springframework.boot.test.context.SpringBootTestContextBootstrapper - @TestExecutionListeners is not present for class [pl.polsl.student.javadockerapibroker.JavaDockerApiBrokerApplicationTests]: using defaults.
21:25:32.193 [Test worker] INFO org.springframework.boot.test.context.SpringBootTestContextBootstrapper - Loaded default TestExecutionListener class names from location [META-INF/spring.factories]: [org.springframework.security.test.context.support.WithSecurityContextTestExecutionListener, org.springframework.security.test.context.support.ReactorContextTestExecutionListener, org.springframework.boot.test.autoconfigure.restdocs.RestDocsTestExecutionListener, org.springframework.boot.test.autoconfigure.web.client.MockRestServiceServerResetTestExecutionListener, org.springframework.boot.test.autoconfigure.web.servlet.MockMvcPrintOnlyOnFailureTestExecutionListener, org.springframework.boot.test.autoconfigure.web.servlet.WebDriverTestExecutionListener, org.springframework.boot.test.autoconfigure.webservices.client.MockWebServiceServerTestExecutionListener, org.springframework.boot.test.mock.mockito.MockitoTestExecutionListener, org.springframework.boot.test.mock.mockito.ResetMocksTestExecutionListener, org.springframework.test.context.web.ServletTestExecutionListener, org.springframework.test.context.support.DirtiesContextBeforeModesTestExecutionListener, org.springframework.test.context.support.DependencyInjectionTestExecutionListener, org.springframework.test.context.support.DirtiesContextTestExecutionListener, org.springframework.test.context.transaction.TransactionalTestExecutionListener, org.springframework.test.context.jdbc.SqlScriptsTestExecutionListener, org.springframework.test.context.event.EventPublishingTestExecutionListener]
21:25:32.245 [Test worker] DEBUG org.springframework.boot.test.context.SpringBootTestContextBootstrapper - Skipping candidate TestExecutionListener [org.springframework.test.context.transaction.TransactionalTestExecutionListener] due to a missing dependency. Specify custom listener classes or make the default listener classes and their required dependencies available. Offending class: [org/springframework/transaction/interceptor/TransactionAttributeSource]
21:25:32.247 [Test worker] DEBUG org.springframework.boot.test.context.SpringBootTestContextBootstrapper - Skipping candidate TestExecutionListener [org.springframework.test.context.jdbc.SqlScriptsTestExecutionListener] due to a missing dependency. Specify custom listener classes or make the default listener classes and their required dependencies available. Offending class: [org/springframework/transaction/interceptor/TransactionAttribute]
21:25:32.247 [Test worker] INFO org.springframework.boot.test.context.SpringBootTestContextBootstrapper - Using TestExecutionListeners: [org.springframework.test.context.web.ServletTestExecutionListener@450b9e6c, org.springframework.test.context.support.DirtiesContextBeforeModesTestExecutionListener@3c9de915, org.springframework.boot.test.mock.mockito.MockitoTestExecutionListener@5641979a, org.springframework.boot.test.autoconfigure.SpringBootDependencyInjectionTestExecutionListener@1df32db5, org.springframework.test.context.support.DirtiesContextTestExecutionListener@4123899, org.springframework.security.test.context.support.WithSecurityContextTestExecutionListener@5714bc4f, org.springframework.test.context.event.EventPublishingTestExecutionListener@d330c70, org.springframework.security.test.context.support.ReactorContextTestExecutionListener@9a906e6, org.springframework.boot.test.autoconfigure.restdocs.RestDocsTestExecutionListener@1c6a31ba, org.springframework.boot.test.autoconfigure.web.client.MockRestServiceServerResetTestExecutionListener@6e6e10bc, org.springframework.boot.test.autoconfigure.web.servlet.MockMvcPrintOnlyOnFailureTestExecutionListener@7b2bc18d, org.springframework.boot.test.autoconfigure.web.servlet.WebDriverTestExecutionListener@3a746638, org.springframework.boot.test.autoconfigure.webservices.client.MockWebServiceServerTestExecutionListener@775e772d, org.springframework.boot.test.mock.mockito.ResetMocksTestExecutionListener@69ab628a]
21:25:32.257 [Test worker] DEBUG org.springframework.test.context.support.AbstractDirtiesContextTestExecutionListener - Before test class: context [DefaultTestContext@5557eb1c testClass = JavaDockerApiBrokerApplicationTests, testInstance = [null], testMethod = [null], testException = [null], mergedContextConfiguration = [WebMergedContextConfiguration@5babab0b testClass = JavaDockerApiBrokerApplicationTests, locations = '{}', classes = '{class pl.polsl.student.javadockerapibroker.JavaDockerApiBrokerApplication}', contextInitializerClasses = '[]', activeProfiles = '{}', propertySourceLocations = '{}', propertySourceProperties = '{org.springframework.boot.test.context.SpringBootTestContextBootstrapper=true}', contextCustomizers = set[org.springframework.boot.test.autoconfigure.actuate.metrics.MetricsExportContextCustomizerFactory$DisableMetricExportContextCustomizer@4ddc2474, org.springframework.boot.test.autoconfigure.properties.PropertyMappingContextCustomizer@0, org.springframework.boot.test.autoconfigure.web.servlet.WebDriverContextCustomizerFactory$Customizer@e94a199, org.springframework.boot.test.context.filter.ExcludeFilterContextCustomizer@72f59b78, org.springframework.boot.test.json.DuplicateJsonObjectContextCustomizerFactory$DuplicateJsonObjectContextCustomizer@5ab01e6f, org.springframework.boot.test.mock.mockito.MockitoContextCustomizer@0, org.springframework.boot.test.web.client.TestRestTemplateContextCustomizer@5156a203, org.springframework.boot.test.web.reactive.server.WebTestClientContextCustomizer@7e0eaf16, org.springframework.boot.test.context.SpringBootTestArgs@1, org.springframework.boot.test.context.SpringBootTestWebEnvironment@26095de5], resourceBasePath = 'src/main/webapp', contextLoader = 'org.springframework.boot.test.context.SpringBootContextLoader', parent = [null]], attributes = map['org.springframework.test.context.web.ServletTestExecutionListener.activateListener' -> true]], class annotated with @DirtiesContext [false] with mode [null].
21:25:32.352 [Test worker] DEBUG org.springframework.test.context.support.TestPropertySourceUtils - Adding inlined properties to environment: {spring.jmx.enabled=false, org.springframework.boot.test.context.SpringBootTestContextBootstrapper=true}

  .   ____          _            __ _ _
 /\\ / ___'_ __ _ _(_)_ __  __ _ \ \ \ \
( ( )\___ | '_ | '_| | '_ \/ _` | \ \ \ \
 \\/  ___)| |_)| | | | | || (_| |  ) ) ) )
  '  |____| .__|_| |_|_| |_\__, | / / / /
 =========|_|==============|___/=/_/_/_/
 :: Spring Boot ::                (v2.4.0)

2020-12-19 21:25:33.178  INFO 23988 --- [    Test worker] .s.j.JavaDockerApiBrokerApplicationTests : Starting JavaDockerApiBrokerApplicationTests using Java 11.0.8 on DESKTOP-QT7135K with PID 23988 (started by KamilSocha in C:\repo\praca dyplomowa\backend-full\microservices\management\java-docker-api-broker)
2020-12-19 21:25:33.187  INFO 23988 --- [    Test worker] .s.j.JavaDockerApiBrokerApplicationTests : No active profile set, falling back to default profiles: default
2020-12-19 21:25:38.170  WARN 23988 --- [    Test worker] p.p.s.j.c.DockerClientConfiguration      : path: 
2020-12-19 21:25:38.186  WARN 23988 --- [    Test worker] c.g.dockerjava.core.DockerClientBuilder  : 'dockerHttpClient' should be set.Falling back to Jersey, will be an error in future releases.
2020-12-19 21:25:40.011  INFO 23988 --- [    Test worker] o.s.b.a.e.web.EndpointLinksResolver      : Exposing 14 endpoint(s) beneath base path '/actuator'
2020-12-19 21:25:40.850  INFO 23988 --- [    Test worker] o.s.s.web.DefaultSecurityFilterChain     : Will secure any request with [org.springframework.security.web.context.request.async.WebAsyncManagerIntegrationFilter@5b18c64e, org.springframework.security.web.context.SecurityContextPersistenceFilter@3be6b783, org.springframework.security.web.header.HeaderWriterFilter@2789e4c8, org.springframework.security.web.authentication.logout.LogoutFilter@3c2e0bec, org.springframework.security.web.authentication.www.BasicAuthenticationFilter@1487d681, org.springframework.security.web.savedrequest.RequestCacheAwareFilter@4019c69e, org.springframework.security.web.servletapi.SecurityContextHolderAwareRequestFilter@5466e809, org.springframework.security.web.authentication.AnonymousAuthenticationFilter@4981bf67, org.springframework.security.web.session.SessionManagementFilter@1b538c53, org.springframework.security.web.access.ExceptionTranslationFilter@7c9fc631, org.springframework.security.web.access.intercept.FilterSecurityInterceptor@4fe3cecb]
2020-12-19 21:25:41.505  INFO 23988 --- [    Test worker] o.s.s.concurrent.ThreadPoolTaskExecutor  : Initializing ExecutorService 'applicationTaskExecutor'
2020-12-19 21:25:44.282  INFO 23988 --- [    Test worker] .s.j.JavaDockerApiBrokerApplicationTests : Started JavaDockerApiBrokerApplicationTests in 11.915 seconds (JVM running for 15.822)
]]></system-out>
  <system-err><![CDATA[]]></system-err>
</testsuite>
