<?xml version="1.0" encoding="UTF-8"?>
<testsuite name="pl.polsl.student.javadockerapibroker.JavaDockerApiBrokerApplicationTests" tests="1" skipped="0" failures="0" errors="0" timestamp="2020-12-27T23:48:04" hostname="DESKTOP-QT7135K" time="0.584">
  <properties/>
  <testcase name="contextLoads()" classname="pl.polsl.student.javadockerapibroker.JavaDockerApiBrokerApplicationTests" time="0.584"/>
  <system-out><![CDATA[00:47:52.157 [Test worker] DEBUG org.springframework.test.context.BootstrapUtils - Instantiating CacheAwareContextLoaderDelegate from class [org.springframework.test.context.cache.DefaultCacheAwareContextLoaderDelegate]
00:47:52.187 [Test worker] DEBUG org.springframework.test.context.BootstrapUtils - Instantiating BootstrapContext using constructor [public org.springframework.test.context.support.DefaultBootstrapContext(java.lang.Class,org.springframework.test.context.CacheAwareContextLoaderDelegate)]
00:47:52.310 [Test worker] DEBUG org.springframework.test.context.BootstrapUtils - Instantiating TestContextBootstrapper for test class [pl.polsl.student.javadockerapibroker.JavaDockerApiBrokerApplicationTests] from class [org.springframework.boot.test.context.SpringBootTestContextBootstrapper]
00:47:52.330 [Test worker] INFO org.springframework.boot.test.context.SpringBootTestContextBootstrapper - Neither @ContextConfiguration nor @ContextHierarchy found for test class [pl.polsl.student.javadockerapibroker.JavaDockerApiBrokerApplicationTests], using SpringBootContextLoader
00:47:52.359 [Test worker] DEBUG org.springframework.test.context.support.AbstractContextLoader - Did not detect default resource location for test class [pl.polsl.student.javadockerapibroker.JavaDockerApiBrokerApplicationTests]: class path resource [pl/polsl/student/javadockerapibroker/JavaDockerApiBrokerApplicationTests-context.xml] does not exist
00:47:52.361 [Test worker] DEBUG org.springframework.test.context.support.AbstractContextLoader - Did not detect default resource location for test class [pl.polsl.student.javadockerapibroker.JavaDockerApiBrokerApplicationTests]: class path resource [pl/polsl/student/javadockerapibroker/JavaDockerApiBrokerApplicationTestsContext.groovy] does not exist
00:47:52.362 [Test worker] INFO org.springframework.test.context.support.AbstractContextLoader - Could not detect default resource locations for test class [pl.polsl.student.javadockerapibroker.JavaDockerApiBrokerApplicationTests]: no resource found for suffixes {-context.xml, Context.groovy}.
00:47:52.364 [Test worker] INFO org.springframework.test.context.support.AnnotationConfigContextLoaderUtils - Could not detect default configuration classes for test class [pl.polsl.student.javadockerapibroker.JavaDockerApiBrokerApplicationTests]: JavaDockerApiBrokerApplicationTests does not declare any static, non-private, non-final, nested classes annotated with @Configuration.
00:47:52.581 [Test worker] DEBUG org.springframework.test.context.support.ActiveProfilesUtils - Could not find an 'annotation declaring class' for annotation type [org.springframework.test.context.ActiveProfiles] and class [pl.polsl.student.javadockerapibroker.JavaDockerApiBrokerApplicationTests]
00:47:52.787 [Test worker] DEBUG org.springframework.context.annotation.ClassPathScanningCandidateComponentProvider - Identified candidate component class: file [C:\repo\praca dyplomowa\backend-full\microservices\management\java-docker-api-broker\build\classes\java\main\pl\polsl\student\javadockerapibroker\JavaDockerApiBrokerApplication.class]
00:47:52.789 [Test worker] INFO org.springframework.boot.test.context.SpringBootTestContextBootstrapper - Found @SpringBootConfiguration pl.polsl.student.javadockerapibroker.JavaDockerApiBrokerApplication for test class pl.polsl.student.javadockerapibroker.JavaDockerApiBrokerApplicationTests
00:47:53.074 [Test worker] DEBUG org.springframework.boot.test.context.SpringBootTestContextBootstrapper - @TestExecutionListeners is not present for class [pl.polsl.student.javadockerapibroker.JavaDockerApiBrokerApplicationTests]: using defaults.
00:47:53.075 [Test worker] INFO org.springframework.boot.test.context.SpringBootTestContextBootstrapper - Loaded default TestExecutionListener class names from location [META-INF/spring.factories]: [org.springframework.security.test.context.support.WithSecurityContextTestExecutionListener, org.springframework.security.test.context.support.ReactorContextTestExecutionListener, org.springframework.boot.test.autoconfigure.restdocs.RestDocsTestExecutionListener, org.springframework.boot.test.autoconfigure.web.client.MockRestServiceServerResetTestExecutionListener, org.springframework.boot.test.autoconfigure.web.servlet.MockMvcPrintOnlyOnFailureTestExecutionListener, org.springframework.boot.test.autoconfigure.web.servlet.WebDriverTestExecutionListener, org.springframework.boot.test.autoconfigure.webservices.client.MockWebServiceServerTestExecutionListener, org.springframework.boot.test.mock.mockito.MockitoTestExecutionListener, org.springframework.boot.test.mock.mockito.ResetMocksTestExecutionListener, org.springframework.test.context.web.ServletTestExecutionListener, org.springframework.test.context.support.DirtiesContextBeforeModesTestExecutionListener, org.springframework.test.context.support.DependencyInjectionTestExecutionListener, org.springframework.test.context.support.DirtiesContextTestExecutionListener, org.springframework.test.context.transaction.TransactionalTestExecutionListener, org.springframework.test.context.jdbc.SqlScriptsTestExecutionListener, org.springframework.test.context.event.EventPublishingTestExecutionListener]
00:47:53.107 [Test worker] DEBUG org.springframework.boot.test.context.SpringBootTestContextBootstrapper - Skipping candidate TestExecutionListener [org.springframework.test.context.transaction.TransactionalTestExecutionListener] due to a missing dependency. Specify custom listener classes or make the default listener classes and their required dependencies available. Offending class: [org/springframework/transaction/interceptor/TransactionAttributeSource]
00:47:53.108 [Test worker] DEBUG org.springframework.boot.test.context.SpringBootTestContextBootstrapper - Skipping candidate TestExecutionListener [org.springframework.test.context.jdbc.SqlScriptsTestExecutionListener] due to a missing dependency. Specify custom listener classes or make the default listener classes and their required dependencies available. Offending class: [org/springframework/transaction/interceptor/TransactionAttribute]
00:47:53.109 [Test worker] INFO org.springframework.boot.test.context.SpringBootTestContextBootstrapper - Using TestExecutionListeners: [org.springframework.test.context.web.ServletTestExecutionListener@2f867ee3, org.springframework.test.context.support.DirtiesContextBeforeModesTestExecutionListener@79cde616, org.springframework.boot.test.mock.mockito.MockitoTestExecutionListener@3b4770c9, org.springframework.boot.test.autoconfigure.SpringBootDependencyInjectionTestExecutionListener@33c43062, org.springframework.test.context.support.DirtiesContextTestExecutionListener@2fa9219f, org.springframework.security.test.context.support.WithSecurityContextTestExecutionListener@39428f2a, org.springframework.test.context.event.EventPublishingTestExecutionListener@390371f3, org.springframework.security.test.context.support.ReactorContextTestExecutionListener@2b560191, org.springframework.boot.test.autoconfigure.restdocs.RestDocsTestExecutionListener@4d9568bd, org.springframework.boot.test.autoconfigure.web.client.MockRestServiceServerResetTestExecutionListener@608395fa, org.springframework.boot.test.autoconfigure.web.servlet.MockMvcPrintOnlyOnFailureTestExecutionListener@42adecf0, org.springframework.boot.test.autoconfigure.web.servlet.WebDriverTestExecutionListener@59ec37bd, org.springframework.boot.test.autoconfigure.webservices.client.MockWebServiceServerTestExecutionListener@3f5a6cbd, org.springframework.boot.test.mock.mockito.ResetMocksTestExecutionListener@438a02e9]
00:47:53.122 [Test worker] DEBUG org.springframework.test.context.support.AbstractDirtiesContextTestExecutionListener - Before test class: context [DefaultTestContext@717c6d35 testClass = JavaDockerApiBrokerApplicationTests, testInstance = [null], testMethod = [null], testException = [null], mergedContextConfiguration = [WebMergedContextConfiguration@37726855 testClass = JavaDockerApiBrokerApplicationTests, locations = '{}', classes = '{class pl.polsl.student.javadockerapibroker.JavaDockerApiBrokerApplication}', contextInitializerClasses = '[]', activeProfiles = '{}', propertySourceLocations = '{}', propertySourceProperties = '{org.springframework.boot.test.context.SpringBootTestContextBootstrapper=true}', contextCustomizers = set[org.springframework.boot.test.autoconfigure.actuate.metrics.MetricsExportContextCustomizerFactory$DisableMetricExportContextCustomizer@395b5926, org.springframework.boot.test.autoconfigure.properties.PropertyMappingContextCustomizer@0, org.springframework.boot.test.autoconfigure.web.servlet.WebDriverContextCustomizerFactory$Customizer@5e31f3f, org.springframework.boot.test.context.filter.ExcludeFilterContextCustomizer@3502e3f7, org.springframework.boot.test.json.DuplicateJsonObjectContextCustomizerFactory$DuplicateJsonObjectContextCustomizer@372ac351, org.springframework.boot.test.mock.mockito.MockitoContextCustomizer@0, org.springframework.boot.test.web.client.TestRestTemplateContextCustomizer@5bd56156, org.springframework.boot.test.web.reactive.server.WebTestClientContextCustomizer@d43d913, org.springframework.boot.test.context.SpringBootTestArgs@1, org.springframework.boot.test.context.SpringBootTestWebEnvironment@7dc6ca49], resourceBasePath = 'src/main/webapp', contextLoader = 'org.springframework.boot.test.context.SpringBootContextLoader', parent = [null]], attributes = map['org.springframework.test.context.web.ServletTestExecutionListener.activateListener' -> true]], class annotated with @DirtiesContext [false] with mode [null].
00:47:53.189 [Test worker] DEBUG org.springframework.test.context.support.TestPropertySourceUtils - Adding inlined properties to environment: {spring.jmx.enabled=false, org.springframework.boot.test.context.SpringBootTestContextBootstrapper=true}

  .   ____          _            __ _ _
 /\\ / ___'_ __ _ _(_)_ __  __ _ \ \ \ \
( ( )\___ | '_ | '_| | '_ \/ _` | \ \ \ \
 \\/  ___)| |_)| | | | | || (_| |  ) ) ) )
  '  |____| .__|_| |_|_| |_\__, | / / / /
 =========|_|==============|___/=/_/_/_/
 :: Spring Boot ::                (v2.4.0)

2020-12-28 00:47:53.879  INFO 19116 --- [    Test worker] .s.j.JavaDockerApiBrokerApplicationTests : Starting JavaDockerApiBrokerApplicationTests using Java 11.0.8 on DESKTOP-QT7135K with PID 19116 (started by KamilSocha in C:\repo\praca dyplomowa\backend-full\microservices\management\java-docker-api-broker)
2020-12-28 00:47:53.891  INFO 19116 --- [    Test worker] .s.j.JavaDockerApiBrokerApplicationTests : No active profile set, falling back to default profiles: default
2020-12-28 00:47:57.716  WARN 19116 --- [    Test worker] p.p.s.j.c.DockerClientConfiguration      : path: 
2020-12-28 00:47:57.729  WARN 19116 --- [    Test worker] c.g.dockerjava.core.DockerClientBuilder  : 'dockerHttpClient' should be set.Falling back to Jersey, will be an error in future releases.
2020-12-28 00:47:59.856  INFO 19116 --- [    Test worker] o.s.b.a.e.web.EndpointLinksResolver      : Exposing 14 endpoint(s) beneath base path '/actuator'
2020-12-28 00:48:01.039  INFO 19116 --- [    Test worker] o.s.s.web.DefaultSecurityFilterChain     : Will secure any request with [org.springframework.security.web.context.request.async.WebAsyncManagerIntegrationFilter@2493096a, org.springframework.security.web.context.SecurityContextPersistenceFilter@19a72a38, org.springframework.security.web.header.HeaderWriterFilter@581f2075, org.springframework.security.web.authentication.logout.LogoutFilter@213006d7, org.springframework.security.web.authentication.www.BasicAuthenticationFilter@5f8fa79e, org.springframework.security.web.savedrequest.RequestCacheAwareFilter@19b6f21d, org.springframework.security.web.servletapi.SecurityContextHolderAwareRequestFilter@6e22339c, org.springframework.security.web.authentication.AnonymousAuthenticationFilter@156da179, org.springframework.security.web.session.SessionManagementFilter@594744d7, org.springframework.security.web.access.ExceptionTranslationFilter@46ed1e34, org.springframework.security.web.access.intercept.FilterSecurityInterceptor@6c638da3]
2020-12-28 00:48:01.964  INFO 19116 --- [    Test worker] o.s.s.concurrent.ThreadPoolTaskExecutor  : Initializing ExecutorService 'applicationTaskExecutor'
2020-12-28 00:48:04.332  INFO 19116 --- [    Test worker] .s.j.JavaDockerApiBrokerApplicationTests : Started JavaDockerApiBrokerApplicationTests in 11.131 seconds (JVM running for 14.414)
]]></system-out>
  <system-err><![CDATA[]]></system-err>
</testsuite>
