<?xml version="1.0" encoding="UTF-8"?>
<testsuite name="pl.polsl.student.javadockerapibroker.JavaDockerApiBrokerApplicationTests" tests="1" skipped="0" failures="0" errors="0" timestamp="2020-12-17T12:39:28" hostname="DESKTOP-QT7135K" time="0.217">
  <properties/>
  <testcase name="contextLoads()" classname="pl.polsl.student.javadockerapibroker.JavaDockerApiBrokerApplicationTests" time="0.217"/>
  <system-out><![CDATA[13:39:15.750 [Test worker] DEBUG org.springframework.test.context.BootstrapUtils - Instantiating CacheAwareContextLoaderDelegate from class [org.springframework.test.context.cache.DefaultCacheAwareContextLoaderDelegate]
13:39:15.777 [Test worker] DEBUG org.springframework.test.context.BootstrapUtils - Instantiating BootstrapContext using constructor [public org.springframework.test.context.support.DefaultBootstrapContext(java.lang.Class,org.springframework.test.context.CacheAwareContextLoaderDelegate)]
13:39:15.833 [Test worker] DEBUG org.springframework.test.context.BootstrapUtils - Instantiating TestContextBootstrapper for test class [pl.polsl.student.javadockerapibroker.JavaDockerApiBrokerApplicationTests] from class [org.springframework.boot.test.context.SpringBootTestContextBootstrapper]
13:39:15.850 [Test worker] INFO org.springframework.boot.test.context.SpringBootTestContextBootstrapper - Neither @ContextConfiguration nor @ContextHierarchy found for test class [pl.polsl.student.javadockerapibroker.JavaDockerApiBrokerApplicationTests], using SpringBootContextLoader
13:39:15.857 [Test worker] DEBUG org.springframework.test.context.support.AbstractContextLoader - Did not detect default resource location for test class [pl.polsl.student.javadockerapibroker.JavaDockerApiBrokerApplicationTests]: class path resource [pl/polsl/student/javadockerapibroker/JavaDockerApiBrokerApplicationTests-context.xml] does not exist
13:39:15.858 [Test worker] DEBUG org.springframework.test.context.support.AbstractContextLoader - Did not detect default resource location for test class [pl.polsl.student.javadockerapibroker.JavaDockerApiBrokerApplicationTests]: class path resource [pl/polsl/student/javadockerapibroker/JavaDockerApiBrokerApplicationTestsContext.groovy] does not exist
13:39:15.858 [Test worker] INFO org.springframework.test.context.support.AbstractContextLoader - Could not detect default resource locations for test class [pl.polsl.student.javadockerapibroker.JavaDockerApiBrokerApplicationTests]: no resource found for suffixes {-context.xml, Context.groovy}.
13:39:15.860 [Test worker] INFO org.springframework.test.context.support.AnnotationConfigContextLoaderUtils - Could not detect default configuration classes for test class [pl.polsl.student.javadockerapibroker.JavaDockerApiBrokerApplicationTests]: JavaDockerApiBrokerApplicationTests does not declare any static, non-private, non-final, nested classes annotated with @Configuration.
13:39:15.928 [Test worker] DEBUG org.springframework.test.context.support.ActiveProfilesUtils - Could not find an 'annotation declaring class' for annotation type [org.springframework.test.context.ActiveProfiles] and class [pl.polsl.student.javadockerapibroker.JavaDockerApiBrokerApplicationTests]
13:39:16.061 [Test worker] DEBUG org.springframework.context.annotation.ClassPathScanningCandidateComponentProvider - Identified candidate component class: file [C:\repo\praca dyplomowa\backend-full\microservices\management\java-docker-api-broker\build\classes\java\main\pl\polsl\student\javadockerapibroker\JavaDockerApiBrokerApplication.class]
13:39:16.064 [Test worker] INFO org.springframework.boot.test.context.SpringBootTestContextBootstrapper - Found @SpringBootConfiguration pl.polsl.student.javadockerapibroker.JavaDockerApiBrokerApplication for test class pl.polsl.student.javadockerapibroker.JavaDockerApiBrokerApplicationTests
13:39:16.231 [Test worker] DEBUG org.springframework.boot.test.context.SpringBootTestContextBootstrapper - @TestExecutionListeners is not present for class [pl.polsl.student.javadockerapibroker.JavaDockerApiBrokerApplicationTests]: using defaults.
13:39:16.232 [Test worker] INFO org.springframework.boot.test.context.SpringBootTestContextBootstrapper - Loaded default TestExecutionListener class names from location [META-INF/spring.factories]: [org.springframework.security.test.context.support.WithSecurityContextTestExecutionListener, org.springframework.security.test.context.support.ReactorContextTestExecutionListener, org.springframework.boot.test.autoconfigure.restdocs.RestDocsTestExecutionListener, org.springframework.boot.test.autoconfigure.web.client.MockRestServiceServerResetTestExecutionListener, org.springframework.boot.test.autoconfigure.web.servlet.MockMvcPrintOnlyOnFailureTestExecutionListener, org.springframework.boot.test.autoconfigure.web.servlet.WebDriverTestExecutionListener, org.springframework.boot.test.autoconfigure.webservices.client.MockWebServiceServerTestExecutionListener, org.springframework.boot.test.mock.mockito.MockitoTestExecutionListener, org.springframework.boot.test.mock.mockito.ResetMocksTestExecutionListener, org.springframework.test.context.web.ServletTestExecutionListener, org.springframework.test.context.support.DirtiesContextBeforeModesTestExecutionListener, org.springframework.test.context.support.DependencyInjectionTestExecutionListener, org.springframework.test.context.support.DirtiesContextTestExecutionListener, org.springframework.test.context.transaction.TransactionalTestExecutionListener, org.springframework.test.context.jdbc.SqlScriptsTestExecutionListener, org.springframework.test.context.event.EventPublishingTestExecutionListener]
13:39:16.263 [Test worker] INFO org.springframework.boot.test.context.SpringBootTestContextBootstrapper - Using TestExecutionListeners: [org.springframework.test.context.web.ServletTestExecutionListener@7bd3e6ed, org.springframework.test.context.support.DirtiesContextBeforeModesTestExecutionListener@66833acb, org.springframework.boot.test.mock.mockito.MockitoTestExecutionListener@1f189a40, org.springframework.boot.test.autoconfigure.SpringBootDependencyInjectionTestExecutionListener@441f39f0, org.springframework.test.context.support.DirtiesContextTestExecutionListener@201f5b10, org.springframework.test.context.transaction.TransactionalTestExecutionListener@5f3578ba, org.springframework.test.context.jdbc.SqlScriptsTestExecutionListener@4243386, org.springframework.security.test.context.support.WithSecurityContextTestExecutionListener@39495a4b, org.springframework.test.context.event.EventPublishingTestExecutionListener@63d451a9, org.springframework.security.test.context.support.ReactorContextTestExecutionListener@175015c1, org.springframework.boot.test.autoconfigure.restdocs.RestDocsTestExecutionListener@32cdbcae, org.springframework.boot.test.autoconfigure.web.client.MockRestServiceServerResetTestExecutionListener@41a533be, org.springframework.boot.test.autoconfigure.web.servlet.MockMvcPrintOnlyOnFailureTestExecutionListener@bd7b3a, org.springframework.boot.test.autoconfigure.web.servlet.WebDriverTestExecutionListener@175498f1, org.springframework.boot.test.autoconfigure.webservices.client.MockWebServiceServerTestExecutionListener@48a37e79, org.springframework.boot.test.mock.mockito.ResetMocksTestExecutionListener@20f39c10]
13:39:16.269 [Test worker] DEBUG org.springframework.test.context.support.AbstractDirtiesContextTestExecutionListener - Before test class: context [DefaultTestContext@5887ed20 testClass = JavaDockerApiBrokerApplicationTests, testInstance = [null], testMethod = [null], testException = [null], mergedContextConfiguration = [WebMergedContextConfiguration@516b970 testClass = JavaDockerApiBrokerApplicationTests, locations = '{}', classes = '{class pl.polsl.student.javadockerapibroker.JavaDockerApiBrokerApplication}', contextInitializerClasses = '[]', activeProfiles = '{}', propertySourceLocations = '{}', propertySourceProperties = '{org.springframework.boot.test.context.SpringBootTestContextBootstrapper=true}', contextCustomizers = set[org.springframework.boot.test.autoconfigure.actuate.metrics.MetricsExportContextCustomizerFactory$DisableMetricExportContextCustomizer@4bb1f05a, org.springframework.boot.test.autoconfigure.properties.PropertyMappingContextCustomizer@0, org.springframework.boot.test.autoconfigure.web.servlet.WebDriverContextCustomizerFactory$Customizer@e22bf68, org.springframework.boot.test.context.filter.ExcludeFilterContextCustomizer@346a769a, org.springframework.boot.test.json.DuplicateJsonObjectContextCustomizerFactory$DuplicateJsonObjectContextCustomizer@79e1dafa, org.springframework.boot.test.mock.mockito.MockitoContextCustomizer@0, org.springframework.boot.test.web.client.TestRestTemplateContextCustomizer@2d23d929, org.springframework.boot.test.web.reactive.server.WebTestClientContextCustomizer@6be52ef7, org.springframework.boot.test.context.SpringBootTestArgs@1, org.springframework.boot.test.context.SpringBootTestWebEnvironment@1328ae31], resourceBasePath = 'src/main/webapp', contextLoader = 'org.springframework.boot.test.context.SpringBootContextLoader', parent = [null]], attributes = map['org.springframework.test.context.web.ServletTestExecutionListener.activateListener' -> true]], class annotated with @DirtiesContext [false] with mode [null].
13:39:16.333 [Test worker] DEBUG org.springframework.test.context.support.TestPropertySourceUtils - Adding inlined properties to environment: {spring.jmx.enabled=false, org.springframework.boot.test.context.SpringBootTestContextBootstrapper=true}

  .   ____          _            __ _ _
 /\\ / ___'_ __ _ _(_)_ __  __ _ \ \ \ \
( ( )\___ | '_ | '_| | '_ \/ _` | \ \ \ \
 \\/  ___)| |_)| | | | | || (_| |  ) ) ) )
  '  |____| .__|_| |_|_| |_\__, | / / / /
 =========|_|==============|___/=/_/_/_/
 :: Spring Boot ::                (v2.4.0)

2020-12-17 13:39:16.805  INFO 6384 --- [    Test worker] .s.j.JavaDockerApiBrokerApplicationTests : Starting JavaDockerApiBrokerApplicationTests using Java 11.0.8 on DESKTOP-QT7135K with PID 6384 (started by KamilSocha in C:\repo\praca dyplomowa\backend-full\microservices\management\java-docker-api-broker)
2020-12-17 13:39:16.808  INFO 6384 --- [    Test worker] .s.j.JavaDockerApiBrokerApplicationTests : No active profile set, falling back to default profiles: default
2020-12-17 13:39:19.350  INFO 6384 --- [    Test worker] .s.d.r.c.RepositoryConfigurationDelegate : Bootstrapping Spring Data JPA repositories in DEFERRED mode.
2020-12-17 13:39:19.677  INFO 6384 --- [    Test worker] .s.d.r.c.RepositoryConfigurationDelegate : Finished Spring Data repository scanning in 313 ms. Found 3 JPA repository interfaces.
2020-12-17 13:39:20.862  INFO 6384 --- [    Test worker] o.s.s.concurrent.ThreadPoolTaskExecutor  : Initializing ExecutorService 'applicationTaskExecutor'
2020-12-17 13:39:21.008  INFO 6384 --- [         task-1] o.hibernate.jpa.internal.util.LogHelper  : HHH000204: Processing PersistenceUnitInfo [name: default]
2020-12-17 13:39:21.159  INFO 6384 --- [         task-1] org.hibernate.Version                    : HHH000412: Hibernate ORM core version 5.4.23.Final
2020-12-17 13:39:21.497  INFO 6384 --- [         task-1] o.hibernate.annotations.common.Version   : HCANN000001: Hibernate Commons Annotations {5.1.2.Final}
2020-12-17 13:39:21.776  INFO 6384 --- [         task-1] com.zaxxer.hikari.HikariDataSource       : HikariPool-1 - Starting...
2020-12-17 13:39:21.797  INFO 6384 --- [         task-1] com.zaxxer.hikari.HikariDataSource       : HikariPool-1 - Start completed.
2020-12-17 13:39:21.802  WARN 6384 --- [    Test worker] p.p.s.j.c.DockerClientConfiguration      : path: 
2020-12-17 13:39:21.814  WARN 6384 --- [    Test worker] c.g.dockerjava.core.DockerClientBuilder  : 'dockerHttpClient' should be set.Falling back to Jersey, will be an error in future releases.
2020-12-17 13:39:22.128  INFO 6384 --- [         task-1] org.hibernate.dialect.Dialect            : HHH000400: Using dialect: org.hibernate.dialect.PostgreSQLDialect
2020-12-17 13:39:24.145  INFO 6384 --- [         task-1] o.h.e.t.j.p.i.JtaPlatformInitiator       : HHH000490: Using JtaPlatform implementation: [org.hibernate.engine.transaction.jta.platform.internal.NoJtaPlatform]
2020-12-17 13:39:24.164  INFO 6384 --- [         task-1] j.LocalContainerEntityManagerFactoryBean : Initialized JPA EntityManagerFactory for persistence unit 'default'
2020-12-17 13:39:24.218  INFO 6384 --- [    Test worker] o.s.b.a.e.web.EndpointLinksResolver      : Exposing 14 endpoint(s) beneath base path '/actuator'
2020-12-17 13:39:25.016  INFO 6384 --- [    Test worker] o.s.s.web.DefaultSecurityFilterChain     : Will secure any request with [org.springframework.security.web.context.request.async.WebAsyncManagerIntegrationFilter@15ed5f29, org.springframework.security.web.context.SecurityContextPersistenceFilter@2b423460, org.springframework.security.web.header.HeaderWriterFilter@7ccf8f8f, org.springframework.web.filter.CorsFilter@6b302208, org.springframework.security.web.authentication.logout.LogoutFilter@7fb2f109, pl.polsl.student.javadockerapibroker.security.JwtUsernamePasswordAuthenticationFilter@6b792ea4, pl.polsl.student.javadockerapibroker.security.JwtAuthorizationFilter@1b2c7da9, org.springframework.security.web.savedrequest.RequestCacheAwareFilter@54e57d59, org.springframework.security.web.servletapi.SecurityContextHolderAwareRequestFilter@21900777, org.springframework.security.web.authentication.AnonymousAuthenticationFilter@64c76df2, org.springframework.security.web.session.SessionManagementFilter@6f549594, org.springframework.security.web.access.ExceptionTranslationFilter@46ba19f0, org.springframework.security.web.access.intercept.FilterSecurityInterceptor@5304ff91]
2020-12-17 13:39:27.676  INFO 6384 --- [    Test worker] DeferredRepositoryInitializationListener : Triggering deferred initialization of Spring Data repositories…
2020-12-17 13:39:28.227  INFO 6384 --- [    Test worker] DeferredRepositoryInitializationListener : Spring Data repositories initialized!
2020-12-17 13:39:28.241  INFO 6384 --- [    Test worker] .s.j.JavaDockerApiBrokerApplicationTests : Started JavaDockerApiBrokerApplicationTests in 11.898 seconds (JVM running for 14.45)
2020-12-17 13:39:28.297  WARN 6384 --- [    Test worker] p.p.s.j.JavaDockerApiBrokerApplication   : 
]]></system-out>
  <system-err><![CDATA[]]></system-err>
</testsuite>
