<?xml version="1.0" encoding="UTF-8"?>
<testsuite name="pl.polsl.student.javadockerapibroker.JavaDockerApiBrokerApplicationTests" tests="1" skipped="0" failures="0" errors="0" timestamp="2020-12-17T12:58:47" hostname="DESKTOP-QT7135K" time="0.186">
  <properties/>
  <testcase name="contextLoads()" classname="pl.polsl.student.javadockerapibroker.JavaDockerApiBrokerApplicationTests" time="0.186"/>
  <system-out><![CDATA[13:58:35.667 [Test worker] DEBUG org.springframework.test.context.BootstrapUtils - Instantiating CacheAwareContextLoaderDelegate from class [org.springframework.test.context.cache.DefaultCacheAwareContextLoaderDelegate]
13:58:35.691 [Test worker] DEBUG org.springframework.test.context.BootstrapUtils - Instantiating BootstrapContext using constructor [public org.springframework.test.context.support.DefaultBootstrapContext(java.lang.Class,org.springframework.test.context.CacheAwareContextLoaderDelegate)]
13:58:35.749 [Test worker] DEBUG org.springframework.test.context.BootstrapUtils - Instantiating TestContextBootstrapper for test class [pl.polsl.student.javadockerapibroker.JavaDockerApiBrokerApplicationTests] from class [org.springframework.boot.test.context.SpringBootTestContextBootstrapper]
13:58:35.766 [Test worker] INFO org.springframework.boot.test.context.SpringBootTestContextBootstrapper - Neither @ContextConfiguration nor @ContextHierarchy found for test class [pl.polsl.student.javadockerapibroker.JavaDockerApiBrokerApplicationTests], using SpringBootContextLoader
13:58:35.772 [Test worker] DEBUG org.springframework.test.context.support.AbstractContextLoader - Did not detect default resource location for test class [pl.polsl.student.javadockerapibroker.JavaDockerApiBrokerApplicationTests]: class path resource [pl/polsl/student/javadockerapibroker/JavaDockerApiBrokerApplicationTests-context.xml] does not exist
13:58:35.774 [Test worker] DEBUG org.springframework.test.context.support.AbstractContextLoader - Did not detect default resource location for test class [pl.polsl.student.javadockerapibroker.JavaDockerApiBrokerApplicationTests]: class path resource [pl/polsl/student/javadockerapibroker/JavaDockerApiBrokerApplicationTestsContext.groovy] does not exist
13:58:35.774 [Test worker] INFO org.springframework.test.context.support.AbstractContextLoader - Could not detect default resource locations for test class [pl.polsl.student.javadockerapibroker.JavaDockerApiBrokerApplicationTests]: no resource found for suffixes {-context.xml, Context.groovy}.
13:58:35.775 [Test worker] INFO org.springframework.test.context.support.AnnotationConfigContextLoaderUtils - Could not detect default configuration classes for test class [pl.polsl.student.javadockerapibroker.JavaDockerApiBrokerApplicationTests]: JavaDockerApiBrokerApplicationTests does not declare any static, non-private, non-final, nested classes annotated with @Configuration.
13:58:35.836 [Test worker] DEBUG org.springframework.test.context.support.ActiveProfilesUtils - Could not find an 'annotation declaring class' for annotation type [org.springframework.test.context.ActiveProfiles] and class [pl.polsl.student.javadockerapibroker.JavaDockerApiBrokerApplicationTests]
13:58:35.935 [Test worker] DEBUG org.springframework.context.annotation.ClassPathScanningCandidateComponentProvider - Identified candidate component class: file [C:\repo\praca dyplomowa\backend-full\microservices\management\java-docker-api-broker\build\classes\java\main\pl\polsl\student\javadockerapibroker\JavaDockerApiBrokerApplication.class]
13:58:35.937 [Test worker] INFO org.springframework.boot.test.context.SpringBootTestContextBootstrapper - Found @SpringBootConfiguration pl.polsl.student.javadockerapibroker.JavaDockerApiBrokerApplication for test class pl.polsl.student.javadockerapibroker.JavaDockerApiBrokerApplicationTests
13:58:36.101 [Test worker] DEBUG org.springframework.boot.test.context.SpringBootTestContextBootstrapper - @TestExecutionListeners is not present for class [pl.polsl.student.javadockerapibroker.JavaDockerApiBrokerApplicationTests]: using defaults.
13:58:36.102 [Test worker] INFO org.springframework.boot.test.context.SpringBootTestContextBootstrapper - Loaded default TestExecutionListener class names from location [META-INF/spring.factories]: [org.springframework.security.test.context.support.WithSecurityContextTestExecutionListener, org.springframework.security.test.context.support.ReactorContextTestExecutionListener, org.springframework.boot.test.autoconfigure.restdocs.RestDocsTestExecutionListener, org.springframework.boot.test.autoconfigure.web.client.MockRestServiceServerResetTestExecutionListener, org.springframework.boot.test.autoconfigure.web.servlet.MockMvcPrintOnlyOnFailureTestExecutionListener, org.springframework.boot.test.autoconfigure.web.servlet.WebDriverTestExecutionListener, org.springframework.boot.test.autoconfigure.webservices.client.MockWebServiceServerTestExecutionListener, org.springframework.boot.test.mock.mockito.MockitoTestExecutionListener, org.springframework.boot.test.mock.mockito.ResetMocksTestExecutionListener, org.springframework.test.context.web.ServletTestExecutionListener, org.springframework.test.context.support.DirtiesContextBeforeModesTestExecutionListener, org.springframework.test.context.support.DependencyInjectionTestExecutionListener, org.springframework.test.context.support.DirtiesContextTestExecutionListener, org.springframework.test.context.transaction.TransactionalTestExecutionListener, org.springframework.test.context.jdbc.SqlScriptsTestExecutionListener, org.springframework.test.context.event.EventPublishingTestExecutionListener]
13:58:36.135 [Test worker] INFO org.springframework.boot.test.context.SpringBootTestContextBootstrapper - Using TestExecutionListeners: [org.springframework.test.context.web.ServletTestExecutionListener@3e33e0b, org.springframework.test.context.support.DirtiesContextBeforeModesTestExecutionListener@4e18764, org.springframework.boot.test.mock.mockito.MockitoTestExecutionListener@1825fb87, org.springframework.boot.test.autoconfigure.SpringBootDependencyInjectionTestExecutionListener@667a4f99, org.springframework.test.context.support.DirtiesContextTestExecutionListener@7cf3263b, org.springframework.test.context.transaction.TransactionalTestExecutionListener@74a15466, org.springframework.test.context.jdbc.SqlScriptsTestExecutionListener@436f70b6, org.springframework.security.test.context.support.WithSecurityContextTestExecutionListener@775de9c5, org.springframework.test.context.event.EventPublishingTestExecutionListener@127acbeb, org.springframework.security.test.context.support.ReactorContextTestExecutionListener@6c86afa6, org.springframework.boot.test.autoconfigure.restdocs.RestDocsTestExecutionListener@54d49840, org.springframework.boot.test.autoconfigure.web.client.MockRestServiceServerResetTestExecutionListener@4cdf40de, org.springframework.boot.test.autoconfigure.web.servlet.MockMvcPrintOnlyOnFailureTestExecutionListener@83eff3d, org.springframework.boot.test.autoconfigure.web.servlet.WebDriverTestExecutionListener@511c8a03, org.springframework.boot.test.autoconfigure.webservices.client.MockWebServiceServerTestExecutionListener@21fa0ef8, org.springframework.boot.test.mock.mockito.ResetMocksTestExecutionListener@179573a9]
13:58:36.141 [Test worker] DEBUG org.springframework.test.context.support.AbstractDirtiesContextTestExecutionListener - Before test class: context [DefaultTestContext@773647a3 testClass = JavaDockerApiBrokerApplicationTests, testInstance = [null], testMethod = [null], testException = [null], mergedContextConfiguration = [WebMergedContextConfiguration@6df0118f testClass = JavaDockerApiBrokerApplicationTests, locations = '{}', classes = '{class pl.polsl.student.javadockerapibroker.JavaDockerApiBrokerApplication}', contextInitializerClasses = '[]', activeProfiles = '{}', propertySourceLocations = '{}', propertySourceProperties = '{org.springframework.boot.test.context.SpringBootTestContextBootstrapper=true}', contextCustomizers = set[org.springframework.boot.test.autoconfigure.actuate.metrics.MetricsExportContextCustomizerFactory$DisableMetricExportContextCustomizer@559edb2f, org.springframework.boot.test.autoconfigure.properties.PropertyMappingContextCustomizer@0, org.springframework.boot.test.autoconfigure.web.servlet.WebDriverContextCustomizerFactory$Customizer@482e2fcd, org.springframework.boot.test.context.filter.ExcludeFilterContextCustomizer@1baeb08e, org.springframework.boot.test.json.DuplicateJsonObjectContextCustomizerFactory$DuplicateJsonObjectContextCustomizer@4b190414, org.springframework.boot.test.mock.mockito.MockitoContextCustomizer@0, org.springframework.boot.test.web.client.TestRestTemplateContextCustomizer@1f409232, org.springframework.boot.test.web.reactive.server.WebTestClientContextCustomizer@73b89195, org.springframework.boot.test.context.SpringBootTestArgs@1, org.springframework.boot.test.context.SpringBootTestWebEnvironment@61796315], resourceBasePath = 'src/main/webapp', contextLoader = 'org.springframework.boot.test.context.SpringBootContextLoader', parent = [null]], attributes = map['org.springframework.test.context.web.ServletTestExecutionListener.activateListener' -> true]], class annotated with @DirtiesContext [false] with mode [null].
13:58:36.203 [Test worker] DEBUG org.springframework.test.context.support.TestPropertySourceUtils - Adding inlined properties to environment: {spring.jmx.enabled=false, org.springframework.boot.test.context.SpringBootTestContextBootstrapper=true}

  .   ____          _            __ _ _
 /\\ / ___'_ __ _ _(_)_ __  __ _ \ \ \ \
( ( )\___ | '_ | '_| | '_ \/ _` | \ \ \ \
 \\/  ___)| |_)| | | | | || (_| |  ) ) ) )
  '  |____| .__|_| |_|_| |_\__, | / / / /
 =========|_|==============|___/=/_/_/_/
 :: Spring Boot ::                (v2.4.0)

2020-12-17 13:58:36.664  INFO 2908 --- [    Test worker] .s.j.JavaDockerApiBrokerApplicationTests : Starting JavaDockerApiBrokerApplicationTests using Java 11.0.8 on DESKTOP-QT7135K with PID 2908 (started by KamilSocha in C:\repo\praca dyplomowa\backend-full\microservices\management\java-docker-api-broker)
2020-12-17 13:58:36.666  INFO 2908 --- [    Test worker] .s.j.JavaDockerApiBrokerApplicationTests : No active profile set, falling back to default profiles: default
2020-12-17 13:58:39.154  INFO 2908 --- [    Test worker] .s.d.r.c.RepositoryConfigurationDelegate : Bootstrapping Spring Data JPA repositories in DEFERRED mode.
2020-12-17 13:58:39.477  INFO 2908 --- [    Test worker] .s.d.r.c.RepositoryConfigurationDelegate : Finished Spring Data repository scanning in 310 ms. Found 3 JPA repository interfaces.
2020-12-17 13:58:40.658  INFO 2908 --- [    Test worker] o.s.s.concurrent.ThreadPoolTaskExecutor  : Initializing ExecutorService 'applicationTaskExecutor'
2020-12-17 13:58:40.776  INFO 2908 --- [         task-1] o.hibernate.jpa.internal.util.LogHelper  : HHH000204: Processing PersistenceUnitInfo [name: default]
2020-12-17 13:58:40.908  INFO 2908 --- [         task-1] org.hibernate.Version                    : HHH000412: Hibernate ORM core version 5.4.23.Final
2020-12-17 13:58:41.261  INFO 2908 --- [         task-1] o.hibernate.annotations.common.Version   : HCANN000001: Hibernate Commons Annotations {5.1.2.Final}
2020-12-17 13:58:41.514  INFO 2908 --- [         task-1] com.zaxxer.hikari.HikariDataSource       : HikariPool-1 - Starting...
2020-12-17 13:58:41.540  INFO 2908 --- [         task-1] com.zaxxer.hikari.HikariDataSource       : HikariPool-1 - Start completed.
2020-12-17 13:58:41.563  WARN 2908 --- [    Test worker] p.p.s.j.c.DockerClientConfiguration      : path: 
2020-12-17 13:58:41.577  WARN 2908 --- [    Test worker] c.g.dockerjava.core.DockerClientBuilder  : 'dockerHttpClient' should be set.Falling back to Jersey, will be an error in future releases.
2020-12-17 13:58:41.845  INFO 2908 --- [         task-1] org.hibernate.dialect.Dialect            : HHH000400: Using dialect: org.hibernate.dialect.PostgreSQLDialect
2020-12-17 13:58:43.553  INFO 2908 --- [    Test worker] o.s.b.a.e.web.EndpointLinksResolver      : Exposing 14 endpoint(s) beneath base path '/actuator'
2020-12-17 13:58:43.678  INFO 2908 --- [         task-1] o.h.e.t.j.p.i.JtaPlatformInitiator       : HHH000490: Using JtaPlatform implementation: [org.hibernate.engine.transaction.jta.platform.internal.NoJtaPlatform]
2020-12-17 13:58:43.696  INFO 2908 --- [         task-1] j.LocalContainerEntityManagerFactoryBean : Initialized JPA EntityManagerFactory for persistence unit 'default'
2020-12-17 13:58:44.328  INFO 2908 --- [    Test worker] o.s.s.web.DefaultSecurityFilterChain     : Will secure any request with [org.springframework.security.web.context.request.async.WebAsyncManagerIntegrationFilter@6d32a94, org.springframework.security.web.context.SecurityContextPersistenceFilter@2eaa757, org.springframework.security.web.header.HeaderWriterFilter@8347b06, org.springframework.web.filter.CorsFilter@52a17623, org.springframework.security.web.authentication.logout.LogoutFilter@2da2f317, pl.polsl.student.javadockerapibroker.security.JwtUsernamePasswordAuthenticationFilter@185d2d9f, pl.polsl.student.javadockerapibroker.security.JwtAuthorizationFilter@47fbccf5, org.springframework.security.web.savedrequest.RequestCacheAwareFilter@7aa30659, org.springframework.security.web.servletapi.SecurityContextHolderAwareRequestFilter@5ddf358a, org.springframework.security.web.authentication.AnonymousAuthenticationFilter@58e3d914, org.springframework.security.web.session.SessionManagementFilter@5fbdd246, org.springframework.security.web.access.ExceptionTranslationFilter@73388866, org.springframework.security.web.access.intercept.FilterSecurityInterceptor@1c4dcf1e]
2020-12-17 13:58:47.097  INFO 2908 --- [    Test worker] DeferredRepositoryInitializationListener : Triggering deferred initialization of Spring Data repositories…
2020-12-17 13:58:47.635  INFO 2908 --- [    Test worker] DeferredRepositoryInitializationListener : Spring Data repositories initialized!
2020-12-17 13:58:47.650  INFO 2908 --- [    Test worker] .s.j.JavaDockerApiBrokerApplicationTests : Started JavaDockerApiBrokerApplicationTests in 11.437 seconds (JVM running for 13.944)
2020-12-17 13:58:47.707  WARN 2908 --- [    Test worker] p.p.s.j.JavaDockerApiBrokerApplication   : 
]]></system-out>
  <system-err><![CDATA[]]></system-err>
</testsuite>
